[0.113s] Invoking command in '/home/sora/Desktop/sora_ws/src/soraros/build/arithmetic': AMENT_PREFIX_PATH=/home/sora/Desktop/sora_ws/src/soraros/install/interface_example:${AMENT_PREFIX_PATH} CMAKE_PREFIX_PATH=/home/sora/Desktop/sora_ws/src/soraros/install/interface_example:/home/sora/Desktop/sora_ws/install/turtlebot3_simulations:/home/sora/Desktop/sora_ws/install/turtlebot3_gazebo:/home/sora/Desktop/sora_ws/install/turtlebot3_fake_node:/home/sora/Desktop/sora_ws/install/topic_final:/home/sora/Desktop/sora_ws/install/simple_pkg_cpp:/home/sora/Desktop/sora_ws/install/project_14:/home/sora/Desktop/sora_ws/install/move_t_sim:/home/sora/Desktop/sora_ws/install/arithmetic:/home/sora/Desktop/sora_ws/install/interface_example:/opt/ros/humble LD_LIBRARY_PATH=/home/sora/Desktop/sora_ws/src/soraros/install/interface_example/lib:/home/sora/Desktop/sora_ws/install/interface_example/lib:/usr/lib/x86_64-linux-gnu/gazebo-11/plugins:/opt/ros/humble/opt/rviz_ogre_vendor/lib:/opt/ros/humble/lib/x86_64-linux-gnu:/opt/ros/humble/lib:/usr/share/gazebo/../../lib/x86_64-linux-gnu/gazebo-11/plugins:/usr/share/gazebo/../../lib/x86_64-linux-gnu/gazebo-11/plugins:/usr/share/gazebo/../../lib/x86_64-linux-gnu/gazebo-11/plugins PYTHONPATH=/home/sora/Desktop/sora_ws/src/soraros/install/interface_example/local/lib/python3.10/dist-packages:${PYTHONPATH} /usr/bin/cmake /home/sora/Desktop/sora_ws/src/soraros/KODTA/arithmetic -DAMENT_CMAKE_SYMLINK_INSTALL=1 -DCMAKE_INSTALL_PREFIX=/home/sora/Desktop/sora_ws/src/soraros/install/arithmetic
[0.409s] -- The C compiler identification is GNU 11.4.0
[0.758s] -- The CXX compiler identification is GNU 11.4.0
[0.794s] -- Detecting C compiler ABI info
[1.428s] -- Detecting C compiler ABI info - done
[1.491s] -- Check for working C compiler: /usr/bin/cc - skipped
[1.492s] -- Detecting C compile features
[1.492s] -- Detecting C compile features - done
[1.523s] -- Detecting CXX compiler ABI info
[1.999s] -- Detecting CXX compiler ABI info - done
[2.055s] -- Check for working CXX compiler: /usr/bin/c++ - skipped
[2.066s] -- Detecting CXX compile features
[2.068s] -- Detecting CXX compile features - done
[2.089s] -- Found ament_cmake: 1.3.10 (/opt/ros/humble/share/ament_cmake/cmake)
[2.687s] -- Found Python3: /usr/bin/python3 (found version "3.10.12") found components: Interpreter 
[2.958s] -- Override CMake install command with custom implementation using symlinks instead of copying resources
[3.041s] -- Found rclcpp: 16.0.10 (/opt/ros/humble/share/rclcpp/cmake)
[3.167s] -- Found rosidl_generator_c: 3.1.5 (/opt/ros/humble/share/rosidl_generator_c/cmake)
[3.197s] -- Found rosidl_adapter: 3.1.5 (/opt/ros/humble/share/rosidl_adapter/cmake)
[3.240s] -- Found rosidl_generator_cpp: 3.1.5 (/opt/ros/humble/share/rosidl_generator_cpp/cmake)
[3.305s] -- Using all available rosidl_typesupport_c: rosidl_typesupport_fastrtps_c;rosidl_typesupport_introspection_c
[3.394s] -- Using all available rosidl_typesupport_cpp: rosidl_typesupport_fastrtps_cpp;rosidl_typesupport_introspection_cpp
[3.629s] -- Found rmw_implementation_cmake: 6.1.2 (/opt/ros/humble/share/rmw_implementation_cmake/cmake)
[3.645s] -- Found rmw_fastrtps_cpp: 6.2.7 (/opt/ros/humble/share/rmw_fastrtps_cpp/cmake)
[3.809s] -- Found OpenSSL: /usr/lib/x86_64-linux-gnu/libcrypto.so (found version "3.0.2")  
[3.930s] -- Found FastRTPS: /opt/ros/humble/include  
[4.108s] -- Using RMW implementation 'rmw_fastrtps_cpp' as default
[4.153s] -- Looking for pthread.h
[4.415s] -- Looking for pthread.h - found
[4.417s] -- Performing Test CMAKE_HAVE_LIBC_PTHREAD
[4.690s] -- Performing Test CMAKE_HAVE_LIBC_PTHREAD - Success
[4.696s] -- Found Threads: TRUE  
[4.942s] -- Found interface_example: 0.0.0 (/home/sora/Desktop/sora_ws/src/soraros/install/interface_example/share/interface_example/cmake)
[5.149s] -- Found rclcpp_action: 16.0.10 (/opt/ros/humble/share/rclcpp_action/cmake)
[5.242s] -- Found ament_lint_auto: 0.12.11 (/opt/ros/humble/share/ament_lint_auto/cmake)
[5.466s] -- Added test 'cppcheck' to perform static code analysis on C / C++ code
[5.467s] -- Configured cppcheck include dirs: /home/sora/Desktop/sora_ws/src/soraros/KODTA/arithmetic/include
[5.468s] -- Configured cppcheck exclude dirs and/or files: 
[5.471s] -- Added test 'flake8' to check Python code syntax and style conventions
[5.475s] -- Added test 'lint_cmake' to check CMake code style
[5.478s] -- Added test 'pep257' to check Python code against some of the docstring style conventions in PEP 257
[5.486s] -- Added test 'uncrustify' to check C / C++ code style
[5.487s] -- Configured uncrustify additional arguments: 
[5.490s] -- Added test 'xmllint' to check XML markup files
[5.497s] -- Configuring done
[5.584s] -- Generating done
[5.592s] -- Build files have been written to: /home/sora/Desktop/sora_ws/src/soraros/build/arithmetic
