[0.020s] Invoking command in '/home/sora/Desktop/sora_ws/src/soraros/build/move_t_sim': CMAKE_PREFIX_PATH=${CMAKE_PREFIX_PATH}:/opt/ros/humble /usr/bin/cmake /home/sora/Desktop/sora_ws/src/soraros/KODTA/move_t_sim -DAMENT_CMAKE_SYMLINK_INSTALL=1 -DCMAKE_INSTALL_PREFIX=/home/sora/Desktop/sora_ws/src/soraros/install/move_t_sim
[0.075s] -- The C compiler identification is GNU 11.4.0
[0.118s] -- The CXX compiler identification is GNU 11.4.0
[0.126s] -- Detecting C compiler ABI info
[0.175s] -- Detecting C compiler ABI info - done
[0.179s] -- Check for working C compiler: /usr/bin/cc - skipped
[0.180s] -- Detecting C compile features
[0.180s] -- Detecting C compile features - done
[0.182s] -- Detecting CXX compiler ABI info
[0.254s] -- Detecting CXX compiler ABI info - done
[0.263s] -- Check for working CXX compiler: /usr/bin/c++ - skipped
[0.264s] -- Detecting CXX compile features
[0.264s] -- Detecting CXX compile features - done
[0.268s] -- Found ament_cmake: 1.3.10 (/opt/ros/humble/share/ament_cmake/cmake)
[0.416s] -- Found Python3: /usr/bin/python3 (found version "3.10.12") found components: Interpreter 
[0.461s] -- Override CMake install command with custom implementation using symlinks instead of copying resources
[0.486s] -- Found rclcpp: 16.0.10 (/opt/ros/humble/share/rclcpp/cmake)
[0.523s] -- Found rosidl_generator_c: 3.1.5 (/opt/ros/humble/share/rosidl_generator_c/cmake)
[0.527s] -- Found rosidl_adapter: 3.1.5 (/opt/ros/humble/share/rosidl_adapter/cmake)
[0.534s] -- Found rosidl_generator_cpp: 3.1.5 (/opt/ros/humble/share/rosidl_generator_cpp/cmake)
[0.543s] -- Using all available rosidl_typesupport_c: rosidl_typesupport_fastrtps_c;rosidl_typesupport_introspection_c
[0.555s] -- Using all available rosidl_typesupport_cpp: rosidl_typesupport_fastrtps_cpp;rosidl_typesupport_introspection_cpp
[0.590s] -- Found rmw_implementation_cmake: 6.1.2 (/opt/ros/humble/share/rmw_implementation_cmake/cmake)
[0.593s] -- Found rmw_fastrtps_cpp: 6.2.7 (/opt/ros/humble/share/rmw_fastrtps_cpp/cmake)
[0.662s] -- Found OpenSSL: /usr/lib/x86_64-linux-gnu/libcrypto.so (found version "3.0.2")  
[0.687s] -- Found FastRTPS: /opt/ros/humble/include  
[0.719s] -- Using RMW implementation 'rmw_fastrtps_cpp' as default
[0.727s] -- Looking for pthread.h
[0.792s] -- Looking for pthread.h - found
[0.793s] -- Performing Test CMAKE_HAVE_LIBC_PTHREAD
[0.845s] -- Performing Test CMAKE_HAVE_LIBC_PTHREAD - Success
[0.845s] -- Found Threads: TRUE  
[0.886s] -- Found geometry_msgs: 4.2.4 (/opt/ros/humble/share/geometry_msgs/cmake)
[0.903s] -- Found nav_msgs: 4.2.4 (/opt/ros/humble/share/nav_msgs/cmake)
[0.924s] -- Found turtlesim: 1.4.2 (/opt/ros/humble/share/turtlesim/cmake)
[0.969s] -- Found tf2: 0.25.7 (/opt/ros/humble/share/tf2/cmake)
[0.984s] -- Found rclcpp_action: 16.0.10 (/opt/ros/humble/share/rclcpp_action/cmake)
[1.000s] -- Found sensor_msgs: 4.2.4 (/opt/ros/humble/share/sensor_msgs/cmake)
[1.026s] -- Found cv_bridge: 3.2.1 (/opt/ros/humble/share/cv_bridge/cmake)
[1.047s] -- Found OpenCV: /usr (found version "4.5.4") 
[1.068s] -- Found ament_lint_auto: 0.12.11 (/opt/ros/humble/share/ament_lint_auto/cmake)
[1.154s] -- Added test 'cppcheck' to perform static code analysis on C / C++ code
[1.154s] -- Configured cppcheck include dirs: /home/sora/Desktop/sora_ws/src/soraros/KODTA/move_t_sim/include
[1.155s] -- Configured cppcheck exclude dirs and/or files: 
[1.156s] -- Added test 'lint_cmake' to check CMake code style
[1.158s] -- Added test 'uncrustify' to check C / C++ code style
[1.158s] -- Configured uncrustify additional arguments: 
[1.159s] -- Added test 'xmllint' to check XML markup files
[1.162s] -- Configuring done
[1.213s] -- Generating done
[1.216s] -- Build files have been written to: /home/sora/Desktop/sora_ws/src/soraros/build/move_t_sim
[1.237s] Invoked command in '/home/sora/Desktop/sora_ws/src/soraros/build/move_t_sim' returned '0': CMAKE_PREFIX_PATH=${CMAKE_PREFIX_PATH}:/opt/ros/humble /usr/bin/cmake /home/sora/Desktop/sora_ws/src/soraros/KODTA/move_t_sim -DAMENT_CMAKE_SYMLINK_INSTALL=1 -DCMAKE_INSTALL_PREFIX=/home/sora/Desktop/sora_ws/src/soraros/install/move_t_sim
[1.238s] Invoking command in '/home/sora/Desktop/sora_ws/src/soraros/build/move_t_sim': CMAKE_PREFIX_PATH=${CMAKE_PREFIX_PATH}:/opt/ros/humble /usr/bin/cmake --build /home/sora/Desktop/sora_ws/src/soraros/build/move_t_sim -- -j12 -l12
[1.322s] [  4%] [32mBuilding CXX object CMakeFiles/moveTurtleSim.dir/src/moveTurtleSim.cpp.o[0m
[1.335s] [  9%] [32mBuilding CXX object CMakeFiles/moveTurtleSim.dir/src/moveTurtle.cpp.o[0m
[1.353s] [ 14%] [32mBuilding CXX object CMakeFiles/moveTurtleBot2.dir/src/moveTurtleBotcpp2.cpp.o[0m
[1.363s] [ 19%] [32mBuilding CXX object CMakeFiles/moveTurtleBot.dir/src/moveTurtleBotcpp.cpp.o[0m
[1.366s] [ 23%] [32mBuilding CXX object CMakeFiles/moveTurtleBot2.dir/src/moveTurtleBot2.cpp.o[0m
[1.368s] [ 28%] [32mBuilding CXX object CMakeFiles/moveTurtleBot.dir/src/moveTurtleBot.cpp.o[0m
[1.419s] [ 33%] [32mBuilding CXX object CMakeFiles/rotate_turtle.dir/src/rotate_turtle.cpp.o[0m
[1.470s] [ 38%] [32mBuilding CXX object CMakeFiles/canny_camera.dir/src/canny_camera.cpp.o[0m
[1.471s] [ 42%] [32mBuilding CXX object CMakeFiles/follow_wall.dir/src/follow_wall.cpp.o[0m
[1.478s] [ 47%] [32mBuilding CXX object CMakeFiles/simple_ridar.dir/src/simple_ridar.cpp.o[0m
[1.485s] [ 52%] [32mBuilding CXX object CMakeFiles/stay_thirty.dir/src/stay_thirty.cpp.o[0m
[1.490s] [ 57%] [32mBuilding CXX object CMakeFiles/canny_camera2.dir/src/canny_camera2.cpp.o[0m
[19.376s] In file included from [01m[K/opt/ros/humble/include/rclcpp/rclcpp/logging.hpp:24[m[K,
[19.376s]                  from [01m[K/opt/ros/humble/include/rclcpp/rclcpp/client.hpp:40[m[K,
[19.377s]                  from [01m[K/opt/ros/humble/include/rclcpp/rclcpp/callback_group.hpp:24[m[K,
[19.377s]                  from [01m[K/opt/ros/humble/include/rclcpp/rclcpp/any_executable.hpp:20[m[K,
[19.377s]                  from [01m[K/opt/ros/humble/include/rclcpp/rclcpp/memory_strategy.hpp:25[m[K,
[19.377s]                  from [01m[K/opt/ros/humble/include/rclcpp/rclcpp/memory_strategies.hpp:18[m[K,
[19.377s]                  from [01m[K/opt/ros/humble/include/rclcpp/rclcpp/executor_options.hpp:20[m[K,
[19.377s]                  from [01m[K/opt/ros/humble/include/rclcpp/rclcpp/executor.hpp:37[m[K,
[19.378s]                  from [01m[K/opt/ros/humble/include/rclcpp/rclcpp/executors/multi_threaded_executor.hpp:25[m[K,
[19.378s]                  from [01m[K/opt/ros/humble/include/rclcpp/rclcpp/executors.hpp:21[m[K,
[19.378s]                  from [01m[K/opt/ros/humble/include/rclcpp/rclcpp/rclcpp.hpp:155[m[K,
[19.378s]                  from [01m[K/home/sora/Desktop/sora_ws/src/soraros/KODTA/move_t_sim/src/canny_camera.cpp:3[m[K:
[19.378s] [01m[K/home/sora/Desktop/sora_ws/src/soraros/KODTA/move_t_sim/src/canny_camera.cpp:[m[K In member function ‘[01m[Kvoid CannyCamera::sub_img(sensor_msgs::msg::CompressedImage)[m[K’:
[19.379s] [01m[K/home/sora/Desktop/sora_ws/src/soraros/KODTA/move_t_sim/src/canny_camera.cpp:33:35:[m[K [01;35m[Kwarning: [m[Kformat ‘[01m[K%s[m[K’ expects argument of type ‘[01m[Kchar*[m[K’, but argument 5 has type ‘[01m[Kstd::string[m[K’ {aka ‘[01m[Kstd::__cxx11::basic_string<char>[m[K’} [[01;35m[K]8;;https://gcc.gnu.org/onlinedocs/gcc/Warning-Options.html#index-Wformat=-Wformat=]8;;[m[K]
[19.379s]    33 |         RCLCPP_INFO(get_logger(), [01;35m[K" %s"[m[K, std::[32m[Kstring(msg.header.frame_id)[m[K);
[19.379s]       |                                   [01;35m[K^~~~~[m[K       [32m[K~~~~~~~~~~~~~~~~~~~~~~~~~~~[m[K
[19.379s]       |                                               [32m[K|[m[K
[19.379s]       |                                               [32m[Kstd::string {aka std::__cxx11::basic_string<char>}[m[K
[19.380s] [01m[K/home/sora/Desktop/sora_ws/src/soraros/KODTA/move_t_sim/src/canny_camera.cpp:33:38:[m[K [01;36m[Knote: [m[Kformat string is defined here
[19.380s]    33 |         RCLCPP_INFO(get_logger(), " [01;36m[K%s[m[K", std::string(msg.header.frame_id));
[19.380s]       |                                     [01;36m[K~^[m[K
[19.380s]       |                                      [01;36m[K|[m[K
[19.380s]       |                                      [01;36m[Kchar*[m[K
[30.769s] [ 61%] [32m[1mLinking CXX executable rotate_turtle[0m
[30.979s] [ 66%] [32m[1mLinking CXX executable moveTurtleSim[0m
[31.910s] [ 66%] Built target rotate_turtle
[32.407s] [ 66%] Built target moveTurtleSim
[44.811s] [ 71%] [32m[1mLinking CXX executable canny_camera[0m
[45.437s] [ 76%] [32m[1mLinking CXX executable moveTurtleBot[0m
[46.002s] [ 80%] [32m[1mLinking CXX executable moveTurtleBot2[0m
[46.065s] [ 85%] [32m[1mLinking CXX executable stay_thirty[0m
[47.079s] [ 85%] Built target moveTurtleBot
[47.111s] [ 85%] Built target canny_camera
[47.378s] [ 85%] Built target stay_thirty
[47.759s] [ 85%] Built target moveTurtleBot2
[49.478s] [ 90%] [32m[1mLinking CXX executable follow_wall[0m
[50.092s] [ 90%] Built target follow_wall
[50.228s] [ 95%] [32m[1mLinking CXX executable simple_ridar[0m
[50.336s] [100%] [32m[1mLinking CXX executable canny_camera2[0m
[51.188s] [100%] Built target canny_camera2
[51.347s] [100%] Built target simple_ridar
