[0.122s] DEBUG:colcon:Command line arguments: ['/usr/bin/colcon', 'build', '--symlink-install']
[0.122s] DEBUG:colcon:Parsed command line arguments: Namespace(log_base=None, log_level=None, verb_name='build', build_base='build', install_base='install', merge_install=False, symlink_install=True, test_result_base=None, continue_on_error=False, executor='parallel', parallel_workers=12, event_handlers=None, ignore_user_meta=False, metas=['./colcon.meta'], base_paths=['.'], packages_ignore=None, packages_ignore_regex=None, paths=None, packages_up_to=None, packages_up_to_regex=None, packages_above=None, packages_above_and_dependencies=None, packages_above_depth=None, packages_select_by_dep=None, packages_skip_by_dep=None, packages_skip_up_to=None, packages_select_build_failed=False, packages_skip_build_finished=False, packages_select_test_failures=False, packages_skip_test_passed=False, packages_select=None, packages_skip=None, packages_select_regex=None, packages_skip_regex=None, packages_start=None, packages_end=None, allow_overriding=[], cmake_args=None, cmake_target=None, cmake_target_skip_unavailable=False, cmake_clean_cache=False, cmake_clean_first=False, cmake_force_configure=False, ament_cmake_args=None, catkin_cmake_args=None, catkin_skip_building_tests=False, mixin_files=None, mixin=None, verb_parser=<colcon_mixin.mixin.mixin_argument.MixinArgumentDecorator object at 0x7bb35ee36d10>, verb_extension=<colcon_core.verb.build.BuildVerb object at 0x7bb35eff06a0>, main=<bound method BuildVerb.main of <colcon_core.verb.build.BuildVerb object at 0x7bb35eff06a0>>, mixin_verb=('build',))
[0.293s] Level 1:colcon.colcon_core.package_discovery:discover_packages(colcon_meta) check parameters
[0.293s] Level 1:colcon.colcon_core.package_discovery:discover_packages(recursive) check parameters
[0.293s] Level 1:colcon.colcon_core.package_discovery:discover_packages(ignore) check parameters
[0.293s] Level 1:colcon.colcon_core.package_discovery:discover_packages(path) check parameters
[0.293s] Level 1:colcon.colcon_core.package_discovery:discover_packages(colcon_meta) discover
[0.293s] Level 1:colcon.colcon_core.package_discovery:discover_packages(recursive) discover
[0.293s] INFO:colcon.colcon_core.package_discovery:Crawling recursively for packages in '/home/sora/Desktop/sora_ws/src/soraros'
[0.293s] Level 1:colcon.colcon_core.package_identification:_identify(.) by extensions ['ignore', 'ignore_ament_install']
[0.293s] Level 1:colcon.colcon_core.package_identification:_identify(.) by extension 'ignore'
[0.293s] Level 1:colcon.colcon_core.package_identification:_identify(.) by extension 'ignore_ament_install'
[0.293s] Level 1:colcon.colcon_core.package_identification:_identify(.) by extensions ['colcon_pkg']
[0.293s] Level 1:colcon.colcon_core.package_identification:_identify(.) by extension 'colcon_pkg'
[0.293s] Level 1:colcon.colcon_core.package_identification:_identify(.) by extensions ['colcon_meta']
[0.293s] Level 1:colcon.colcon_core.package_identification:_identify(.) by extension 'colcon_meta'
[0.293s] Level 1:colcon.colcon_core.package_identification:_identify(.) by extensions ['ros']
[0.293s] Level 1:colcon.colcon_core.package_identification:_identify(.) by extension 'ros'
[0.301s] Level 1:colcon.colcon_core.package_identification:_identify(.) by extensions ['cmake', 'python']
[0.301s] Level 1:colcon.colcon_core.package_identification:_identify(.) by extension 'cmake'
[0.301s] Level 1:colcon.colcon_core.package_identification:_identify(.) by extension 'python'
[0.301s] Level 1:colcon.colcon_core.package_identification:_identify(.) by extensions ['python_setup_py']
[0.301s] Level 1:colcon.colcon_core.package_identification:_identify(.) by extension 'python_setup_py'
[0.301s] Level 1:colcon.colcon_core.package_identification:_identify(KODTA) by extensions ['ignore', 'ignore_ament_install']
[0.301s] Level 1:colcon.colcon_core.package_identification:_identify(KODTA) by extension 'ignore'
[0.301s] Level 1:colcon.colcon_core.package_identification:_identify(KODTA) by extension 'ignore_ament_install'
[0.301s] Level 1:colcon.colcon_core.package_identification:_identify(KODTA) by extensions ['colcon_pkg']
[0.301s] Level 1:colcon.colcon_core.package_identification:_identify(KODTA) by extension 'colcon_pkg'
[0.301s] Level 1:colcon.colcon_core.package_identification:_identify(KODTA) by extensions ['colcon_meta']
[0.301s] Level 1:colcon.colcon_core.package_identification:_identify(KODTA) by extension 'colcon_meta'
[0.301s] Level 1:colcon.colcon_core.package_identification:_identify(KODTA) by extensions ['ros']
[0.301s] Level 1:colcon.colcon_core.package_identification:_identify(KODTA) by extension 'ros'
[0.301s] Level 1:colcon.colcon_core.package_identification:_identify(KODTA) by extensions ['cmake', 'python']
[0.301s] Level 1:colcon.colcon_core.package_identification:_identify(KODTA) by extension 'cmake'
[0.301s] Level 1:colcon.colcon_core.package_identification:_identify(KODTA) by extension 'python'
[0.301s] Level 1:colcon.colcon_core.package_identification:_identify(KODTA) by extensions ['python_setup_py']
[0.301s] Level 1:colcon.colcon_core.package_identification:_identify(KODTA) by extension 'python_setup_py'
[0.301s] Level 1:colcon.colcon_core.package_identification:_identify(KODTA/arithmetic) by extensions ['ignore', 'ignore_ament_install']
[0.301s] Level 1:colcon.colcon_core.package_identification:_identify(KODTA/arithmetic) by extension 'ignore'
[0.301s] Level 1:colcon.colcon_core.package_identification:_identify(KODTA/arithmetic) by extension 'ignore_ament_install'
[0.301s] Level 1:colcon.colcon_core.package_identification:_identify(KODTA/arithmetic) by extensions ['colcon_pkg']
[0.301s] Level 1:colcon.colcon_core.package_identification:_identify(KODTA/arithmetic) by extension 'colcon_pkg'
[0.301s] Level 1:colcon.colcon_core.package_identification:_identify(KODTA/arithmetic) by extensions ['colcon_meta']
[0.301s] Level 1:colcon.colcon_core.package_identification:_identify(KODTA/arithmetic) by extension 'colcon_meta'
[0.301s] Level 1:colcon.colcon_core.package_identification:_identify(KODTA/arithmetic) by extensions ['ros']
[0.301s] Level 1:colcon.colcon_core.package_identification:_identify(KODTA/arithmetic) by extension 'ros'
[0.303s] DEBUG:colcon.colcon_core.package_identification:Package 'KODTA/arithmetic' with type 'ros.ament_cmake' and name 'arithmetic'
[0.303s] Level 1:colcon.colcon_core.package_identification:_identify(KODTA/interface_example) by extensions ['ignore', 'ignore_ament_install']
[0.303s] Level 1:colcon.colcon_core.package_identification:_identify(KODTA/interface_example) by extension 'ignore'
[0.303s] Level 1:colcon.colcon_core.package_identification:_identify(KODTA/interface_example) by extension 'ignore_ament_install'
[0.303s] Level 1:colcon.colcon_core.package_identification:_identify(KODTA/interface_example) by extensions ['colcon_pkg']
[0.303s] Level 1:colcon.colcon_core.package_identification:_identify(KODTA/interface_example) by extension 'colcon_pkg'
[0.303s] Level 1:colcon.colcon_core.package_identification:_identify(KODTA/interface_example) by extensions ['colcon_meta']
[0.303s] Level 1:colcon.colcon_core.package_identification:_identify(KODTA/interface_example) by extension 'colcon_meta'
[0.303s] Level 1:colcon.colcon_core.package_identification:_identify(KODTA/interface_example) by extensions ['ros']
[0.303s] Level 1:colcon.colcon_core.package_identification:_identify(KODTA/interface_example) by extension 'ros'
[0.304s] DEBUG:colcon.colcon_core.package_identification:Package 'KODTA/interface_example' with type 'ros.ament_cmake' and name 'interface_example'
[0.304s] Level 1:colcon.colcon_core.package_identification:_identify(KODTA/move_t_sim) by extensions ['ignore', 'ignore_ament_install']
[0.304s] Level 1:colcon.colcon_core.package_identification:_identify(KODTA/move_t_sim) by extension 'ignore'
[0.304s] Level 1:colcon.colcon_core.package_identification:_identify(KODTA/move_t_sim) by extension 'ignore_ament_install'
[0.304s] Level 1:colcon.colcon_core.package_identification:_identify(KODTA/move_t_sim) by extensions ['colcon_pkg']
[0.304s] Level 1:colcon.colcon_core.package_identification:_identify(KODTA/move_t_sim) by extension 'colcon_pkg'
[0.304s] Level 1:colcon.colcon_core.package_identification:_identify(KODTA/move_t_sim) by extensions ['colcon_meta']
[0.304s] Level 1:colcon.colcon_core.package_identification:_identify(KODTA/move_t_sim) by extension 'colcon_meta'
[0.304s] Level 1:colcon.colcon_core.package_identification:_identify(KODTA/move_t_sim) by extensions ['ros']
[0.304s] Level 1:colcon.colcon_core.package_identification:_identify(KODTA/move_t_sim) by extension 'ros'
[0.304s] DEBUG:colcon.colcon_core.package_identification:Package 'KODTA/move_t_sim' with type 'ros.ament_cmake' and name 'move_t_sim'
[0.304s] Level 1:colcon.colcon_core.package_identification:_identify(KODTA/simple_pkg_cpp) by extensions ['ignore', 'ignore_ament_install']
[0.305s] Level 1:colcon.colcon_core.package_identification:_identify(KODTA/simple_pkg_cpp) by extension 'ignore'
[0.305s] Level 1:colcon.colcon_core.package_identification:_identify(KODTA/simple_pkg_cpp) by extension 'ignore_ament_install'
[0.305s] Level 1:colcon.colcon_core.package_identification:_identify(KODTA/simple_pkg_cpp) by extensions ['colcon_pkg']
[0.305s] Level 1:colcon.colcon_core.package_identification:_identify(KODTA/simple_pkg_cpp) by extension 'colcon_pkg'
[0.305s] Level 1:colcon.colcon_core.package_identification:_identify(KODTA/simple_pkg_cpp) by extensions ['colcon_meta']
[0.305s] Level 1:colcon.colcon_core.package_identification:_identify(KODTA/simple_pkg_cpp) by extension 'colcon_meta'
[0.305s] Level 1:colcon.colcon_core.package_identification:_identify(KODTA/simple_pkg_cpp) by extensions ['ros']
[0.305s] Level 1:colcon.colcon_core.package_identification:_identify(KODTA/simple_pkg_cpp) by extension 'ros'
[0.305s] DEBUG:colcon.colcon_core.package_identification:Package 'KODTA/simple_pkg_cpp' with type 'ros.ament_cmake' and name 'simple_pkg_cpp'
[0.305s] Level 1:colcon.colcon_core.package_identification:_identify(KODTA/topic_final) by extensions ['ignore', 'ignore_ament_install']
[0.305s] Level 1:colcon.colcon_core.package_identification:_identify(KODTA/topic_final) by extension 'ignore'
[0.305s] Level 1:colcon.colcon_core.package_identification:_identify(KODTA/topic_final) by extension 'ignore_ament_install'
[0.305s] Level 1:colcon.colcon_core.package_identification:_identify(KODTA/topic_final) by extensions ['colcon_pkg']
[0.305s] Level 1:colcon.colcon_core.package_identification:_identify(KODTA/topic_final) by extension 'colcon_pkg'
[0.305s] Level 1:colcon.colcon_core.package_identification:_identify(KODTA/topic_final) by extensions ['colcon_meta']
[0.305s] Level 1:colcon.colcon_core.package_identification:_identify(KODTA/topic_final) by extension 'colcon_meta'
[0.305s] Level 1:colcon.colcon_core.package_identification:_identify(KODTA/topic_final) by extensions ['ros']
[0.305s] Level 1:colcon.colcon_core.package_identification:_identify(KODTA/topic_final) by extension 'ros'
[0.306s] DEBUG:colcon.colcon_core.package_identification:Package 'KODTA/topic_final' with type 'ros.ament_cmake' and name 'topic_final'
[0.306s] Level 1:colcon.colcon_core.package_identification:_identify(build) by extensions ['ignore', 'ignore_ament_install']
[0.306s] Level 1:colcon.colcon_core.package_identification:_identify(build) by extension 'ignore'
[0.306s] Level 1:colcon.colcon_core.package_identification:_identify(build) ignored
[0.306s] Level 1:colcon.colcon_core.package_identification:_identify(install) by extensions ['ignore', 'ignore_ament_install']
[0.306s] Level 1:colcon.colcon_core.package_identification:_identify(install) by extension 'ignore'
[0.306s] Level 1:colcon.colcon_core.package_identification:_identify(install) ignored
[0.306s] Level 1:colcon.colcon_core.package_identification:_identify(log) by extensions ['ignore', 'ignore_ament_install']
[0.306s] Level 1:colcon.colcon_core.package_identification:_identify(log) by extension 'ignore'
[0.306s] Level 1:colcon.colcon_core.package_identification:_identify(log) ignored
[0.306s] Level 1:colcon.colcon_core.package_discovery:discover_packages(recursive) using defaults
[0.306s] Level 1:colcon.colcon_core.package_discovery:discover_packages(ignore) discover
[0.306s] Level 1:colcon.colcon_core.package_discovery:discover_packages(ignore) using defaults
[0.306s] Level 1:colcon.colcon_core.package_discovery:discover_packages(path) discover
[0.306s] Level 1:colcon.colcon_core.package_discovery:discover_packages(path) using defaults
[0.327s] Level 1:colcon.colcon_core.package_discovery:discover_packages(prefix_path) check parameters
[0.328s] Level 1:colcon.colcon_core.package_discovery:discover_packages(prefix_path) discover
[0.329s] DEBUG:colcon.colcon_installed_package_information.package_discovery:Found 11 installed packages in /home/sora/Desktop/sora_ws/install
[0.338s] DEBUG:colcon.colcon_installed_package_information.package_discovery:Found 377 installed packages in /opt/ros/humble
[0.339s] Level 1:colcon.colcon_core.package_discovery:discover_packages(prefix_path) using defaults
[0.365s] Level 5:colcon.colcon_core.verb:set package 'interface_example' build argument 'cmake_args' from command line to 'None'
[0.365s] Level 5:colcon.colcon_core.verb:set package 'interface_example' build argument 'cmake_target' from command line to 'None'
[0.365s] Level 5:colcon.colcon_core.verb:set package 'interface_example' build argument 'cmake_target_skip_unavailable' from command line to 'False'
[0.365s] Level 5:colcon.colcon_core.verb:set package 'interface_example' build argument 'cmake_clean_cache' from command line to 'False'
[0.365s] Level 5:colcon.colcon_core.verb:set package 'interface_example' build argument 'cmake_clean_first' from command line to 'False'
[0.365s] Level 5:colcon.colcon_core.verb:set package 'interface_example' build argument 'cmake_force_configure' from command line to 'False'
[0.365s] Level 5:colcon.colcon_core.verb:set package 'interface_example' build argument 'ament_cmake_args' from command line to 'None'
[0.365s] Level 5:colcon.colcon_core.verb:set package 'interface_example' build argument 'catkin_cmake_args' from command line to 'None'
[0.365s] Level 5:colcon.colcon_core.verb:set package 'interface_example' build argument 'catkin_skip_building_tests' from command line to 'False'
[0.365s] DEBUG:colcon.colcon_core.verb:Building package 'interface_example' with the following arguments: {'ament_cmake_args': None, 'build_base': '/home/sora/Desktop/sora_ws/src/soraros/build/interface_example', 'catkin_cmake_args': None, 'catkin_skip_building_tests': False, 'cmake_args': None, 'cmake_clean_cache': False, 'cmake_clean_first': False, 'cmake_force_configure': False, 'cmake_target': None, 'cmake_target_skip_unavailable': False, 'install_base': '/home/sora/Desktop/sora_ws/src/soraros/install/interface_example', 'merge_install': False, 'path': '/home/sora/Desktop/sora_ws/src/soraros/KODTA/interface_example', 'symlink_install': True, 'test_result_base': None}
[0.366s] Level 5:colcon.colcon_core.verb:set package 'move_t_sim' build argument 'cmake_args' from command line to 'None'
[0.366s] Level 5:colcon.colcon_core.verb:set package 'move_t_sim' build argument 'cmake_target' from command line to 'None'
[0.366s] Level 5:colcon.colcon_core.verb:set package 'move_t_sim' build argument 'cmake_target_skip_unavailable' from command line to 'False'
[0.366s] Level 5:colcon.colcon_core.verb:set package 'move_t_sim' build argument 'cmake_clean_cache' from command line to 'False'
[0.366s] Level 5:colcon.colcon_core.verb:set package 'move_t_sim' build argument 'cmake_clean_first' from command line to 'False'
[0.366s] Level 5:colcon.colcon_core.verb:set package 'move_t_sim' build argument 'cmake_force_configure' from command line to 'False'
[0.366s] Level 5:colcon.colcon_core.verb:set package 'move_t_sim' build argument 'ament_cmake_args' from command line to 'None'
[0.366s] Level 5:colcon.colcon_core.verb:set package 'move_t_sim' build argument 'catkin_cmake_args' from command line to 'None'
[0.366s] Level 5:colcon.colcon_core.verb:set package 'move_t_sim' build argument 'catkin_skip_building_tests' from command line to 'False'
[0.366s] DEBUG:colcon.colcon_core.verb:Building package 'move_t_sim' with the following arguments: {'ament_cmake_args': None, 'build_base': '/home/sora/Desktop/sora_ws/src/soraros/build/move_t_sim', 'catkin_cmake_args': None, 'catkin_skip_building_tests': False, 'cmake_args': None, 'cmake_clean_cache': False, 'cmake_clean_first': False, 'cmake_force_configure': False, 'cmake_target': None, 'cmake_target_skip_unavailable': False, 'install_base': '/home/sora/Desktop/sora_ws/src/soraros/install/move_t_sim', 'merge_install': False, 'path': '/home/sora/Desktop/sora_ws/src/soraros/KODTA/move_t_sim', 'symlink_install': True, 'test_result_base': None}
[0.366s] Level 5:colcon.colcon_core.verb:set package 'simple_pkg_cpp' build argument 'cmake_args' from command line to 'None'
[0.366s] Level 5:colcon.colcon_core.verb:set package 'simple_pkg_cpp' build argument 'cmake_target' from command line to 'None'
[0.366s] Level 5:colcon.colcon_core.verb:set package 'simple_pkg_cpp' build argument 'cmake_target_skip_unavailable' from command line to 'False'
[0.366s] Level 5:colcon.colcon_core.verb:set package 'simple_pkg_cpp' build argument 'cmake_clean_cache' from command line to 'False'
[0.366s] Level 5:colcon.colcon_core.verb:set package 'simple_pkg_cpp' build argument 'cmake_clean_first' from command line to 'False'
[0.366s] Level 5:colcon.colcon_core.verb:set package 'simple_pkg_cpp' build argument 'cmake_force_configure' from command line to 'False'
[0.366s] Level 5:colcon.colcon_core.verb:set package 'simple_pkg_cpp' build argument 'ament_cmake_args' from command line to 'None'
[0.366s] Level 5:colcon.colcon_core.verb:set package 'simple_pkg_cpp' build argument 'catkin_cmake_args' from command line to 'None'
[0.366s] Level 5:colcon.colcon_core.verb:set package 'simple_pkg_cpp' build argument 'catkin_skip_building_tests' from command line to 'False'
[0.366s] DEBUG:colcon.colcon_core.verb:Building package 'simple_pkg_cpp' with the following arguments: {'ament_cmake_args': None, 'build_base': '/home/sora/Desktop/sora_ws/src/soraros/build/simple_pkg_cpp', 'catkin_cmake_args': None, 'catkin_skip_building_tests': False, 'cmake_args': None, 'cmake_clean_cache': False, 'cmake_clean_first': False, 'cmake_force_configure': False, 'cmake_target': None, 'cmake_target_skip_unavailable': False, 'install_base': '/home/sora/Desktop/sora_ws/src/soraros/install/simple_pkg_cpp', 'merge_install': False, 'path': '/home/sora/Desktop/sora_ws/src/soraros/KODTA/simple_pkg_cpp', 'symlink_install': True, 'test_result_base': None}
[0.366s] Level 5:colcon.colcon_core.verb:set package 'topic_final' build argument 'cmake_args' from command line to 'None'
[0.366s] Level 5:colcon.colcon_core.verb:set package 'topic_final' build argument 'cmake_target' from command line to 'None'
[0.366s] Level 5:colcon.colcon_core.verb:set package 'topic_final' build argument 'cmake_target_skip_unavailable' from command line to 'False'
[0.366s] Level 5:colcon.colcon_core.verb:set package 'topic_final' build argument 'cmake_clean_cache' from command line to 'False'
[0.366s] Level 5:colcon.colcon_core.verb:set package 'topic_final' build argument 'cmake_clean_first' from command line to 'False'
[0.366s] Level 5:colcon.colcon_core.verb:set package 'topic_final' build argument 'cmake_force_configure' from command line to 'False'
[0.366s] Level 5:colcon.colcon_core.verb:set package 'topic_final' build argument 'ament_cmake_args' from command line to 'None'
[0.366s] Level 5:colcon.colcon_core.verb:set package 'topic_final' build argument 'catkin_cmake_args' from command line to 'None'
[0.366s] Level 5:colcon.colcon_core.verb:set package 'topic_final' build argument 'catkin_skip_building_tests' from command line to 'False'
[0.366s] DEBUG:colcon.colcon_core.verb:Building package 'topic_final' with the following arguments: {'ament_cmake_args': None, 'build_base': '/home/sora/Desktop/sora_ws/src/soraros/build/topic_final', 'catkin_cmake_args': None, 'catkin_skip_building_tests': False, 'cmake_args': None, 'cmake_clean_cache': False, 'cmake_clean_first': False, 'cmake_force_configure': False, 'cmake_target': None, 'cmake_target_skip_unavailable': False, 'install_base': '/home/sora/Desktop/sora_ws/src/soraros/install/topic_final', 'merge_install': False, 'path': '/home/sora/Desktop/sora_ws/src/soraros/KODTA/topic_final', 'symlink_install': True, 'test_result_base': None}
[0.366s] Level 5:colcon.colcon_core.verb:set package 'arithmetic' build argument 'cmake_args' from command line to 'None'
[0.366s] Level 5:colcon.colcon_core.verb:set package 'arithmetic' build argument 'cmake_target' from command line to 'None'
[0.366s] Level 5:colcon.colcon_core.verb:set package 'arithmetic' build argument 'cmake_target_skip_unavailable' from command line to 'False'
[0.366s] Level 5:colcon.colcon_core.verb:set package 'arithmetic' build argument 'cmake_clean_cache' from command line to 'False'
[0.366s] Level 5:colcon.colcon_core.verb:set package 'arithmetic' build argument 'cmake_clean_first' from command line to 'False'
[0.366s] Level 5:colcon.colcon_core.verb:set package 'arithmetic' build argument 'cmake_force_configure' from command line to 'False'
[0.366s] Level 5:colcon.colcon_core.verb:set package 'arithmetic' build argument 'ament_cmake_args' from command line to 'None'
[0.366s] Level 5:colcon.colcon_core.verb:set package 'arithmetic' build argument 'catkin_cmake_args' from command line to 'None'
[0.367s] Level 5:colcon.colcon_core.verb:set package 'arithmetic' build argument 'catkin_skip_building_tests' from command line to 'False'
[0.367s] DEBUG:colcon.colcon_core.verb:Building package 'arithmetic' with the following arguments: {'ament_cmake_args': None, 'build_base': '/home/sora/Desktop/sora_ws/src/soraros/build/arithmetic', 'catkin_cmake_args': None, 'catkin_skip_building_tests': False, 'cmake_args': None, 'cmake_clean_cache': False, 'cmake_clean_first': False, 'cmake_force_configure': False, 'cmake_target': None, 'cmake_target_skip_unavailable': False, 'install_base': '/home/sora/Desktop/sora_ws/src/soraros/install/arithmetic', 'merge_install': False, 'path': '/home/sora/Desktop/sora_ws/src/soraros/KODTA/arithmetic', 'symlink_install': True, 'test_result_base': None}
[0.367s] INFO:colcon.colcon_core.executor:Executing jobs using 'parallel' executor
[0.367s] DEBUG:colcon.colcon_parallel_executor.executor.parallel:run_until_complete
[0.367s] INFO:colcon.colcon_ros.task.ament_cmake.build:Building ROS package in '/home/sora/Desktop/sora_ws/src/soraros/KODTA/interface_example' with build type 'ament_cmake'
[0.367s] INFO:colcon.colcon_cmake.task.cmake.build:Building CMake package in '/home/sora/Desktop/sora_ws/src/soraros/KODTA/interface_example'
[0.371s] INFO:colcon.colcon_core.plugin_system:Skipping extension 'colcon_core.shell.bat': Not used on non-Windows systems
[0.371s] INFO:colcon.colcon_core.shell:Skip shell extension 'powershell' for command environment: Not usable outside of PowerShell
[0.371s] DEBUG:colcon.colcon_core.shell:Skip shell extension 'dsv' for command environment
[0.373s] INFO:colcon.colcon_ros.task.ament_cmake.build:Building ROS package in '/home/sora/Desktop/sora_ws/src/soraros/KODTA/move_t_sim' with build type 'ament_cmake'
[0.374s] INFO:colcon.colcon_cmake.task.cmake.build:Building CMake package in '/home/sora/Desktop/sora_ws/src/soraros/KODTA/move_t_sim'
[0.374s] INFO:colcon.colcon_core.shell:Skip shell extension 'powershell' for command environment: Not usable outside of PowerShell
[0.374s] DEBUG:colcon.colcon_core.shell:Skip shell extension 'dsv' for command environment
[0.376s] INFO:colcon.colcon_ros.task.ament_cmake.build:Building ROS package in '/home/sora/Desktop/sora_ws/src/soraros/KODTA/simple_pkg_cpp' with build type 'ament_cmake'
[0.377s] INFO:colcon.colcon_cmake.task.cmake.build:Building CMake package in '/home/sora/Desktop/sora_ws/src/soraros/KODTA/simple_pkg_cpp'
[0.377s] INFO:colcon.colcon_core.shell:Skip shell extension 'powershell' for command environment: Not usable outside of PowerShell
[0.377s] DEBUG:colcon.colcon_core.shell:Skip shell extension 'dsv' for command environment
[0.380s] INFO:colcon.colcon_ros.task.ament_cmake.build:Building ROS package in '/home/sora/Desktop/sora_ws/src/soraros/KODTA/topic_final' with build type 'ament_cmake'
[0.380s] INFO:colcon.colcon_cmake.task.cmake.build:Building CMake package in '/home/sora/Desktop/sora_ws/src/soraros/KODTA/topic_final'
[0.380s] INFO:colcon.colcon_core.shell:Skip shell extension 'powershell' for command environment: Not usable outside of PowerShell
[0.380s] DEBUG:colcon.colcon_core.shell:Skip shell extension 'dsv' for command environment
[0.389s] DEBUG:colcon.colcon_core.event_handler.log_command:Invoking command in '/home/sora/Desktop/sora_ws/src/soraros/build/interface_example': CMAKE_PREFIX_PATH=${CMAKE_PREFIX_PATH}:/opt/ros/humble /usr/bin/cmake /home/sora/Desktop/sora_ws/src/soraros/KODTA/interface_example -DAMENT_CMAKE_SYMLINK_INSTALL=1 -DCMAKE_INSTALL_PREFIX=/home/sora/Desktop/sora_ws/src/soraros/install/interface_example
[0.394s] DEBUG:colcon.colcon_core.event_handler.log_command:Invoking command in '/home/sora/Desktop/sora_ws/src/soraros/build/move_t_sim': CMAKE_PREFIX_PATH=${CMAKE_PREFIX_PATH}:/opt/ros/humble /usr/bin/cmake /home/sora/Desktop/sora_ws/src/soraros/KODTA/move_t_sim -DAMENT_CMAKE_SYMLINK_INSTALL=1 -DCMAKE_INSTALL_PREFIX=/home/sora/Desktop/sora_ws/src/soraros/install/move_t_sim
[0.399s] DEBUG:colcon.colcon_core.event_handler.log_command:Invoking command in '/home/sora/Desktop/sora_ws/src/soraros/build/simple_pkg_cpp': CMAKE_PREFIX_PATH=${CMAKE_PREFIX_PATH}:/opt/ros/humble /usr/bin/cmake /home/sora/Desktop/sora_ws/src/soraros/KODTA/simple_pkg_cpp -DAMENT_CMAKE_SYMLINK_INSTALL=1 -DCMAKE_INSTALL_PREFIX=/home/sora/Desktop/sora_ws/src/soraros/install/simple_pkg_cpp
[0.404s] DEBUG:colcon.colcon_core.event_handler.log_command:Invoking command in '/home/sora/Desktop/sora_ws/src/soraros/build/topic_final': CMAKE_PREFIX_PATH=${CMAKE_PREFIX_PATH}:/opt/ros/humble /usr/bin/cmake /home/sora/Desktop/sora_ws/src/soraros/KODTA/topic_final -DAMENT_CMAKE_SYMLINK_INSTALL=1 -DCMAKE_INSTALL_PREFIX=/home/sora/Desktop/sora_ws/src/soraros/install/topic_final
[1.477s] DEBUG:colcon.colcon_core.event_handler.log_command:Invoked command in '/home/sora/Desktop/sora_ws/src/soraros/build/topic_final' returned '0': CMAKE_PREFIX_PATH=${CMAKE_PREFIX_PATH}:/opt/ros/humble /usr/bin/cmake /home/sora/Desktop/sora_ws/src/soraros/KODTA/topic_final -DAMENT_CMAKE_SYMLINK_INSTALL=1 -DCMAKE_INSTALL_PREFIX=/home/sora/Desktop/sora_ws/src/soraros/install/topic_final
[1.479s] DEBUG:colcon.colcon_core.event_handler.log_command:Invoking command in '/home/sora/Desktop/sora_ws/src/soraros/build/topic_final': CMAKE_PREFIX_PATH=${CMAKE_PREFIX_PATH}:/opt/ros/humble /usr/bin/cmake --build /home/sora/Desktop/sora_ws/src/soraros/build/topic_final -- -j12 -l12
[1.611s] DEBUG:colcon.colcon_core.event_handler.log_command:Invoked command in '/home/sora/Desktop/sora_ws/src/soraros/build/move_t_sim' returned '0': CMAKE_PREFIX_PATH=${CMAKE_PREFIX_PATH}:/opt/ros/humble /usr/bin/cmake /home/sora/Desktop/sora_ws/src/soraros/KODTA/move_t_sim -DAMENT_CMAKE_SYMLINK_INSTALL=1 -DCMAKE_INSTALL_PREFIX=/home/sora/Desktop/sora_ws/src/soraros/install/move_t_sim
[1.612s] DEBUG:colcon.colcon_core.event_handler.log_command:Invoking command in '/home/sora/Desktop/sora_ws/src/soraros/build/move_t_sim': CMAKE_PREFIX_PATH=${CMAKE_PREFIX_PATH}:/opt/ros/humble /usr/bin/cmake --build /home/sora/Desktop/sora_ws/src/soraros/build/move_t_sim -- -j12 -l12
[2.044s] DEBUG:colcon.colcon_core.event_handler.log_command:Invoked command in '/home/sora/Desktop/sora_ws/src/soraros/build/simple_pkg_cpp' returned '0': CMAKE_PREFIX_PATH=${CMAKE_PREFIX_PATH}:/opt/ros/humble /usr/bin/cmake /home/sora/Desktop/sora_ws/src/soraros/KODTA/simple_pkg_cpp -DAMENT_CMAKE_SYMLINK_INSTALL=1 -DCMAKE_INSTALL_PREFIX=/home/sora/Desktop/sora_ws/src/soraros/install/simple_pkg_cpp
[2.045s] DEBUG:colcon.colcon_core.event_handler.log_command:Invoking command in '/home/sora/Desktop/sora_ws/src/soraros/build/simple_pkg_cpp': CMAKE_PREFIX_PATH=${CMAKE_PREFIX_PATH}:/opt/ros/humble /usr/bin/cmake --build /home/sora/Desktop/sora_ws/src/soraros/build/simple_pkg_cpp -- -j12 -l12
[2.911s] DEBUG:colcon.colcon_core.event_handler.log_command:Invoked command in '/home/sora/Desktop/sora_ws/src/soraros/build/interface_example' returned '0': CMAKE_PREFIX_PATH=${CMAKE_PREFIX_PATH}:/opt/ros/humble /usr/bin/cmake /home/sora/Desktop/sora_ws/src/soraros/KODTA/interface_example -DAMENT_CMAKE_SYMLINK_INSTALL=1 -DCMAKE_INSTALL_PREFIX=/home/sora/Desktop/sora_ws/src/soraros/install/interface_example
[2.911s] DEBUG:colcon.colcon_core.event_handler.log_command:Invoking command in '/home/sora/Desktop/sora_ws/src/soraros/build/interface_example': CMAKE_PREFIX_PATH=${CMAKE_PREFIX_PATH}:/opt/ros/humble /usr/bin/cmake --build /home/sora/Desktop/sora_ws/src/soraros/build/interface_example -- -j12 -l12
[38.360s] DEBUG:colcon.colcon_core.event_handler.log_command:Invoked command in '/home/sora/Desktop/sora_ws/src/soraros/build/interface_example' returned '0': CMAKE_PREFIX_PATH=${CMAKE_PREFIX_PATH}:/opt/ros/humble /usr/bin/cmake --build /home/sora/Desktop/sora_ws/src/soraros/build/interface_example -- -j12 -l12
[39.246s] DEBUG:colcon.colcon_core.event_handler.log_command:Invoking command in '/home/sora/Desktop/sora_ws/src/soraros/build/interface_example': CMAKE_PREFIX_PATH=${CMAKE_PREFIX_PATH}:/opt/ros/humble /usr/bin/cmake --install /home/sora/Desktop/sora_ws/src/soraros/build/interface_example
[43.467s] Level 1:colcon.colcon_core.environment:create_environment_scripts_only(interface_example)
[43.476s] Level 1:colcon.colcon_core.environment:checking '/home/sora/Desktop/sora_ws/src/soraros/install/interface_example' for CMake module files
[43.478s] DEBUG:colcon.colcon_core.event_handler.log_command:Invoked command in '/home/sora/Desktop/sora_ws/src/soraros/build/interface_example' returned '0': CMAKE_PREFIX_PATH=${CMAKE_PREFIX_PATH}:/opt/ros/humble /usr/bin/cmake --install /home/sora/Desktop/sora_ws/src/soraros/build/interface_example
[43.478s] Level 1:colcon.colcon_core.environment:checking '/home/sora/Desktop/sora_ws/src/soraros/install/interface_example' for CMake config files
[43.481s] Level 1:colcon.colcon_core.shell:create_environment_hook('interface_example', 'cmake_prefix_path')
[43.482s] INFO:colcon.colcon_core.shell:Creating environment hook '/home/sora/Desktop/sora_ws/src/soraros/install/interface_example/share/interface_example/hook/cmake_prefix_path.ps1'
[43.486s] INFO:colcon.colcon_core.shell:Creating environment descriptor '/home/sora/Desktop/sora_ws/src/soraros/install/interface_example/share/interface_example/hook/cmake_prefix_path.dsv'
[43.487s] INFO:colcon.colcon_core.shell:Creating environment hook '/home/sora/Desktop/sora_ws/src/soraros/install/interface_example/share/interface_example/hook/cmake_prefix_path.sh'
[43.491s] Level 1:colcon.colcon_core.environment:checking '/home/sora/Desktop/sora_ws/src/soraros/install/interface_example/lib'
[43.493s] Level 1:colcon.colcon_core.shell:create_environment_hook('interface_example', 'ld_library_path_lib')
[43.495s] INFO:colcon.colcon_core.shell:Creating environment hook '/home/sora/Desktop/sora_ws/src/soraros/install/interface_example/share/interface_example/hook/ld_library_path_lib.ps1'
[43.499s] INFO:colcon.colcon_core.shell:Creating environment descriptor '/home/sora/Desktop/sora_ws/src/soraros/install/interface_example/share/interface_example/hook/ld_library_path_lib.dsv'
[43.500s] INFO:colcon.colcon_core.shell:Creating environment hook '/home/sora/Desktop/sora_ws/src/soraros/install/interface_example/share/interface_example/hook/ld_library_path_lib.sh'
[43.503s] Level 1:colcon.colcon_core.environment:checking '/home/sora/Desktop/sora_ws/src/soraros/install/interface_example/bin'
[43.503s] Level 1:colcon.colcon_core.environment:checking '/home/sora/Desktop/sora_ws/src/soraros/install/interface_example/lib/pkgconfig/interface_example.pc'
[43.504s] Level 1:colcon.colcon_core.environment:checking '/home/sora/Desktop/sora_ws/src/soraros/install/interface_example/lib/python3.10/site-packages'
[43.505s] Level 1:colcon.colcon_core.environment:checking '/home/sora/Desktop/sora_ws/src/soraros/install/interface_example/bin'
[43.507s] INFO:colcon.colcon_core.shell:Creating package script '/home/sora/Desktop/sora_ws/src/soraros/install/interface_example/share/interface_example/package.ps1'
[43.511s] INFO:colcon.colcon_core.shell:Creating package descriptor '/home/sora/Desktop/sora_ws/src/soraros/install/interface_example/share/interface_example/package.dsv'
[43.514s] INFO:colcon.colcon_core.shell:Creating package script '/home/sora/Desktop/sora_ws/src/soraros/install/interface_example/share/interface_example/package.sh'
[43.520s] INFO:colcon.colcon_core.shell:Creating package script '/home/sora/Desktop/sora_ws/src/soraros/install/interface_example/share/interface_example/package.bash'
[43.524s] INFO:colcon.colcon_core.shell:Creating package script '/home/sora/Desktop/sora_ws/src/soraros/install/interface_example/share/interface_example/package.zsh'
[43.526s] Level 1:colcon.colcon_core.environment:create_file_with_runtime_dependencies(/home/sora/Desktop/sora_ws/src/soraros/install/interface_example/share/colcon-core/packages/interface_example)
[45.628s] Level 1:colcon.colcon_core.environment:create_environment_scripts_only(interface_example)
[45.629s] Level 1:colcon.colcon_core.environment:checking '/home/sora/Desktop/sora_ws/src/soraros/install/interface_example' for CMake module files
[45.633s] Level 1:colcon.colcon_core.environment:checking '/home/sora/Desktop/sora_ws/src/soraros/install/interface_example' for CMake config files
[45.639s] Level 1:colcon.colcon_core.shell:create_environment_hook('interface_example', 'cmake_prefix_path')
[45.640s] INFO:colcon.colcon_core.shell:Creating environment hook '/home/sora/Desktop/sora_ws/src/soraros/install/interface_example/share/interface_example/hook/cmake_prefix_path.ps1'
[45.642s] INFO:colcon.colcon_core.shell:Creating environment descriptor '/home/sora/Desktop/sora_ws/src/soraros/install/interface_example/share/interface_example/hook/cmake_prefix_path.dsv'
[45.644s] INFO:colcon.colcon_core.shell:Creating environment hook '/home/sora/Desktop/sora_ws/src/soraros/install/interface_example/share/interface_example/hook/cmake_prefix_path.sh'
[45.646s] Level 1:colcon.colcon_core.environment:checking '/home/sora/Desktop/sora_ws/src/soraros/install/interface_example/lib'
[45.646s] Level 1:colcon.colcon_core.shell:create_environment_hook('interface_example', 'ld_library_path_lib')
[45.647s] INFO:colcon.colcon_core.shell:Creating environment hook '/home/sora/Desktop/sora_ws/src/soraros/install/interface_example/share/interface_example/hook/ld_library_path_lib.ps1'
[45.649s] INFO:colcon.colcon_core.shell:Creating environment descriptor '/home/sora/Desktop/sora_ws/src/soraros/install/interface_example/share/interface_example/hook/ld_library_path_lib.dsv'
[45.650s] INFO:colcon.colcon_core.shell:Creating environment hook '/home/sora/Desktop/sora_ws/src/soraros/install/interface_example/share/interface_example/hook/ld_library_path_lib.sh'
[45.652s] Level 1:colcon.colcon_core.environment:checking '/home/sora/Desktop/sora_ws/src/soraros/install/interface_example/bin'
[45.653s] Level 1:colcon.colcon_core.environment:checking '/home/sora/Desktop/sora_ws/src/soraros/install/interface_example/lib/pkgconfig/interface_example.pc'
[45.654s] Level 1:colcon.colcon_core.environment:checking '/home/sora/Desktop/sora_ws/src/soraros/install/interface_example/lib/python3.10/site-packages'
[45.655s] Level 1:colcon.colcon_core.environment:checking '/home/sora/Desktop/sora_ws/src/soraros/install/interface_example/bin'
[45.656s] INFO:colcon.colcon_core.shell:Creating package script '/home/sora/Desktop/sora_ws/src/soraros/install/interface_example/share/interface_example/package.ps1'
[45.659s] INFO:colcon.colcon_core.shell:Creating package descriptor '/home/sora/Desktop/sora_ws/src/soraros/install/interface_example/share/interface_example/package.dsv'
[45.661s] INFO:colcon.colcon_core.shell:Creating package script '/home/sora/Desktop/sora_ws/src/soraros/install/interface_example/share/interface_example/package.sh'
[45.663s] INFO:colcon.colcon_core.shell:Creating package script '/home/sora/Desktop/sora_ws/src/soraros/install/interface_example/share/interface_example/package.bash'
[45.665s] INFO:colcon.colcon_core.shell:Creating package script '/home/sora/Desktop/sora_ws/src/soraros/install/interface_example/share/interface_example/package.zsh'
[45.666s] Level 1:colcon.colcon_core.environment:create_file_with_runtime_dependencies(/home/sora/Desktop/sora_ws/src/soraros/install/interface_example/share/colcon-core/packages/interface_example)
[45.672s] INFO:colcon.colcon_ros.task.ament_cmake.build:Building ROS package in '/home/sora/Desktop/sora_ws/src/soraros/KODTA/arithmetic' with build type 'ament_cmake'
[45.674s] INFO:colcon.colcon_cmake.task.cmake.build:Building CMake package in '/home/sora/Desktop/sora_ws/src/soraros/KODTA/arithmetic'
[45.676s] INFO:colcon.colcon_core.shell:Skip shell extension 'powershell' for command environment: Not usable outside of PowerShell
[45.678s] DEBUG:colcon.colcon_core.shell:Skip shell extension 'dsv' for command environment
[45.785s] DEBUG:colcon.colcon_core.event_handler.log_command:Invoking command in '/home/sora/Desktop/sora_ws/src/soraros/build/arithmetic': AMENT_PREFIX_PATH=/home/sora/Desktop/sora_ws/src/soraros/install/interface_example:${AMENT_PREFIX_PATH} CMAKE_PREFIX_PATH=/home/sora/Desktop/sora_ws/src/soraros/install/interface_example:/home/sora/Desktop/sora_ws/install/turtlebot3_simulations:/home/sora/Desktop/sora_ws/install/turtlebot3_gazebo:/home/sora/Desktop/sora_ws/install/turtlebot3_fake_node:/home/sora/Desktop/sora_ws/install/topic_final:/home/sora/Desktop/sora_ws/install/simple_pkg_cpp:/home/sora/Desktop/sora_ws/install/project_14:/home/sora/Desktop/sora_ws/install/move_t_sim:/home/sora/Desktop/sora_ws/install/arithmetic:/home/sora/Desktop/sora_ws/install/interface_example:/opt/ros/humble LD_LIBRARY_PATH=/home/sora/Desktop/sora_ws/src/soraros/install/interface_example/lib:/home/sora/Desktop/sora_ws/install/interface_example/lib:/usr/lib/x86_64-linux-gnu/gazebo-11/plugins:/opt/ros/humble/opt/rviz_ogre_vendor/lib:/opt/ros/humble/lib/x86_64-linux-gnu:/opt/ros/humble/lib:/usr/share/gazebo/../../lib/x86_64-linux-gnu/gazebo-11/plugins:/usr/share/gazebo/../../lib/x86_64-linux-gnu/gazebo-11/plugins:/usr/share/gazebo/../../lib/x86_64-linux-gnu/gazebo-11/plugins PYTHONPATH=/home/sora/Desktop/sora_ws/src/soraros/install/interface_example/local/lib/python3.10/dist-packages:${PYTHONPATH} /usr/bin/cmake /home/sora/Desktop/sora_ws/src/soraros/KODTA/arithmetic -DAMENT_CMAKE_SYMLINK_INSTALL=1 -DCMAKE_INSTALL_PREFIX=/home/sora/Desktop/sora_ws/src/soraros/install/arithmetic
[50.598s] DEBUG:colcon.colcon_core.event_handler.log_command:Invoked command in '/home/sora/Desktop/sora_ws/src/soraros/build/simple_pkg_cpp' returned '2': CMAKE_PREFIX_PATH=${CMAKE_PREFIX_PATH}:/opt/ros/humble /usr/bin/cmake --build /home/sora/Desktop/sora_ws/src/soraros/build/simple_pkg_cpp -- -j12 -l12
[50.795s] Level 1:colcon.colcon_core.environment:create_environment_scripts_only(simple_pkg_cpp)
[50.796s] Level 1:colcon.colcon_core.environment:checking '/home/sora/Desktop/sora_ws/src/soraros/install/simple_pkg_cpp' for CMake module files
[50.797s] Level 1:colcon.colcon_core.environment:checking '/home/sora/Desktop/sora_ws/src/soraros/install/simple_pkg_cpp' for CMake config files
[50.798s] Level 1:colcon.colcon_core.environment:checking '/home/sora/Desktop/sora_ws/src/soraros/install/simple_pkg_cpp/bin'
[50.799s] Level 1:colcon.colcon_core.environment:checking '/home/sora/Desktop/sora_ws/src/soraros/install/simple_pkg_cpp/lib/pkgconfig/simple_pkg_cpp.pc'
[50.800s] Level 1:colcon.colcon_core.environment:checking '/home/sora/Desktop/sora_ws/src/soraros/install/simple_pkg_cpp/lib/python3.10/site-packages'
[50.800s] Level 1:colcon.colcon_core.environment:checking '/home/sora/Desktop/sora_ws/src/soraros/install/simple_pkg_cpp/bin'
[50.801s] INFO:colcon.colcon_core.shell:Creating package script '/home/sora/Desktop/sora_ws/src/soraros/install/simple_pkg_cpp/share/simple_pkg_cpp/package.ps1'
[50.803s] INFO:colcon.colcon_core.shell:Creating package descriptor '/home/sora/Desktop/sora_ws/src/soraros/install/simple_pkg_cpp/share/simple_pkg_cpp/package.dsv'
[50.805s] INFO:colcon.colcon_core.shell:Creating package script '/home/sora/Desktop/sora_ws/src/soraros/install/simple_pkg_cpp/share/simple_pkg_cpp/package.sh'
[50.806s] INFO:colcon.colcon_core.shell:Creating package script '/home/sora/Desktop/sora_ws/src/soraros/install/simple_pkg_cpp/share/simple_pkg_cpp/package.bash'
[50.808s] INFO:colcon.colcon_core.shell:Creating package script '/home/sora/Desktop/sora_ws/src/soraros/install/simple_pkg_cpp/share/simple_pkg_cpp/package.zsh'
[50.809s] Level 1:colcon.colcon_core.environment:create_file_with_runtime_dependencies(/home/sora/Desktop/sora_ws/src/soraros/install/simple_pkg_cpp/share/colcon-core/packages/simple_pkg_cpp)
[53.055s] DEBUG:colcon.colcon_parallel_executor.executor.parallel:closing loop
[53.055s] DEBUG:colcon.colcon_parallel_executor.executor.parallel:loop closed
[53.055s] DEBUG:colcon.colcon_parallel_executor.executor.parallel:run_until_complete finished with '2'
[53.055s] DEBUG:colcon.colcon_core.event_reactor:joining thread
[53.065s] INFO:colcon.colcon_core.plugin_system:Skipping extension 'colcon_notification.desktop_notification.terminal_notifier': Not used on non-Darwin systems
[53.066s] INFO:colcon.colcon_core.plugin_system:Skipping extension 'colcon_notification.desktop_notification.win32': Not used on non-Windows systems
[53.066s] INFO:colcon.colcon_notification.desktop_notification:Sending desktop notification using 'notify2'
[53.085s] DEBUG:colcon.colcon_core.event_reactor:joined thread
[53.086s] INFO:colcon.colcon_core.shell:Creating prefix script '/home/sora/Desktop/sora_ws/src/soraros/install/local_setup.ps1'
[53.086s] INFO:colcon.colcon_core.shell:Creating prefix util module '/home/sora/Desktop/sora_ws/src/soraros/install/_local_setup_util_ps1.py'
[53.087s] INFO:colcon.colcon_core.shell:Creating prefix chain script '/home/sora/Desktop/sora_ws/src/soraros/install/setup.ps1'
[53.088s] INFO:colcon.colcon_core.shell:Creating prefix script '/home/sora/Desktop/sora_ws/src/soraros/install/local_setup.sh'
[53.088s] INFO:colcon.colcon_core.shell:Creating prefix util module '/home/sora/Desktop/sora_ws/src/soraros/install/_local_setup_util_sh.py'
[53.089s] INFO:colcon.colcon_core.shell:Creating prefix chain script '/home/sora/Desktop/sora_ws/src/soraros/install/setup.sh'
[53.089s] INFO:colcon.colcon_core.shell:Creating prefix script '/home/sora/Desktop/sora_ws/src/soraros/install/local_setup.bash'
[53.090s] INFO:colcon.colcon_core.shell:Creating prefix chain script '/home/sora/Desktop/sora_ws/src/soraros/install/setup.bash'
[53.091s] INFO:colcon.colcon_core.shell:Creating prefix script '/home/sora/Desktop/sora_ws/src/soraros/install/local_setup.zsh'
[53.091s] INFO:colcon.colcon_core.shell:Creating prefix chain script '/home/sora/Desktop/sora_ws/src/soraros/install/setup.zsh'
