[0.024s] Invoking command in '/home/sora/Desktop/sora_ws/src/soraros/build/topic_final': CMAKE_PREFIX_PATH=${CMAKE_PREFIX_PATH}:/opt/ros/humble /usr/bin/cmake /home/sora/Desktop/sora_ws/src/soraros/KODTA/topic_final -DAMENT_CMAKE_SYMLINK_INSTALL=1 -DCMAKE_INSTALL_PREFIX=/home/sora/Desktop/sora_ws/src/soraros/install/topic_final
[0.073s] -- The C compiler identification is GNU 11.4.0
[0.122s] -- The CXX compiler identification is GNU 11.4.0
[0.129s] -- Detecting C compiler ABI info
[0.201s] -- Detecting C compiler ABI info - done
[0.210s] -- Check for working C compiler: /usr/bin/cc - skipped
[0.210s] -- Detecting C compile features
[0.211s] -- Detecting C compile features - done
[0.214s] -- Detecting CXX compiler ABI info
[0.300s] -- Detecting CXX compiler ABI info - done
[0.305s] -- Check for working CXX compiler: /usr/bin/c++ - skipped
[0.305s] -- Detecting CXX compile features
[0.305s] -- Detecting CXX compile features - done
[0.308s] -- Found ament_cmake: 1.3.10 (/opt/ros/humble/share/ament_cmake/cmake)
[0.436s] -- Found Python3: /usr/bin/python3 (found version "3.10.12") found components: Interpreter 
[0.507s] -- Override CMake install command with custom implementation using symlinks instead of copying resources
[0.546s] -- Found rclcpp: 16.0.10 (/opt/ros/humble/share/rclcpp/cmake)
[0.581s] -- Found rosidl_generator_c: 3.1.5 (/opt/ros/humble/share/rosidl_generator_c/cmake)
[0.586s] -- Found rosidl_adapter: 3.1.5 (/opt/ros/humble/share/rosidl_adapter/cmake)
[0.593s] -- Found rosidl_generator_cpp: 3.1.5 (/opt/ros/humble/share/rosidl_generator_cpp/cmake)
[0.604s] -- Using all available rosidl_typesupport_c: rosidl_typesupport_fastrtps_c;rosidl_typesupport_introspection_c
[0.617s] -- Using all available rosidl_typesupport_cpp: rosidl_typesupport_fastrtps_cpp;rosidl_typesupport_introspection_cpp
[0.658s] -- Found rmw_implementation_cmake: 6.1.2 (/opt/ros/humble/share/rmw_implementation_cmake/cmake)
[0.661s] -- Found rmw_fastrtps_cpp: 6.2.7 (/opt/ros/humble/share/rmw_fastrtps_cpp/cmake)
[0.728s] -- Found OpenSSL: /usr/lib/x86_64-linux-gnu/libcrypto.so (found version "3.0.2")  
[0.748s] -- Found FastRTPS: /opt/ros/humble/include  
[0.779s] -- Using RMW implementation 'rmw_fastrtps_cpp' as default
[0.787s] -- Looking for pthread.h
[0.854s] -- Looking for pthread.h - found
[0.854s] -- Performing Test CMAKE_HAVE_LIBC_PTHREAD
[0.923s] -- Performing Test CMAKE_HAVE_LIBC_PTHREAD - Success
[0.925s] -- Found Threads: TRUE  
[0.981s] -- Found ament_lint_auto: 0.12.11 (/opt/ros/humble/share/ament_lint_auto/cmake)
[1.073s] -- Added test 'cppcheck' to perform static code analysis on C / C++ code
[1.074s] -- Configured cppcheck include dirs: 
[1.074s] -- Configured cppcheck exclude dirs and/or files: 
[1.074s] -- Added test 'flake8' to check Python code syntax and style conventions
[1.074s] -- Added test 'lint_cmake' to check CMake code style
[1.075s] -- Added test 'pep257' to check Python code against some of the docstring style conventions in PEP 257
[1.075s] -- Added test 'uncrustify' to check C / C++ code style
[1.076s] -- Configured uncrustify additional arguments: 
[1.076s] -- Added test 'xmllint' to check XML markup files
[1.077s] -- Configuring done
[1.088s] -- Generating done
[1.089s] -- Build files have been written to: /home/sora/Desktop/sora_ws/src/soraros/build/topic_final
[1.097s] Invoked command in '/home/sora/Desktop/sora_ws/src/soraros/build/topic_final' returned '0': CMAKE_PREFIX_PATH=${CMAKE_PREFIX_PATH}:/opt/ros/humble /usr/bin/cmake /home/sora/Desktop/sora_ws/src/soraros/KODTA/topic_final -DAMENT_CMAKE_SYMLINK_INSTALL=1 -DCMAKE_INSTALL_PREFIX=/home/sora/Desktop/sora_ws/src/soraros/install/topic_final
[1.099s] Invoking command in '/home/sora/Desktop/sora_ws/src/soraros/build/topic_final': CMAKE_PREFIX_PATH=${CMAKE_PREFIX_PATH}:/opt/ros/humble /usr/bin/cmake --build /home/sora/Desktop/sora_ws/src/soraros/build/topic_final -- -j12 -l12
[1.148s] [ 10%] [32mBuilding CXX object CMakeFiles/mpub.dir/src/mpub.cpp.o[0m
[1.148s] [ 20%] [32mBuilding CXX object CMakeFiles/msub.dir/src/msub.cpp.o[0m
[1.155s] [ 50%] [32mBuilding CXX object CMakeFiles/tpub.dir/src/tpub.cpp.o[0m
[1.156s] [ 50%] [32mBuilding CXX object CMakeFiles/msub2.dir/src/msub2.cpp.o[0m
[1.156s] [ 50%] [32mBuilding CXX object CMakeFiles/mtsub.dir/src/mtsub.cpp.o[0m
[26.049s] [ 60%] [32m[1mLinking CXX executable tpub[0m
[26.757s] [ 70%] [32m[1mLinking CXX executable mpub[0m
[26.949s] [ 70%] Built target tpub
[28.773s] [ 70%] Built target mpub
[38.928s] [ 80%] [32m[1mLinking CXX executable msub[0m
[40.389s] [ 80%] Built target msub
[46.743s] [ 90%] [32m[1mLinking CXX executable msub2[0m
[48.300s] [ 90%] Built target msub2
[52.227s] [100%] [32m[1mLinking CXX executable mtsub[0m
[52.654s] [100%] Built target mtsub
